<?xml version="1.0" encoding="UTF-8"?>
<testsuite xmlns:xsi="http://www.w3.org/2001/XMLSchema-instance" xsi:noNamespaceSchemaLocation="https://maven.apache.org/surefire/maven-surefire-plugin/xsd/surefire-test-report-3.0.xsd" version="3.0" name="com.example.springkafka.SpringKafkaApplicationTests" time="2.371" tests="1" errors="0" skipped="0" failures="0">
  <properties>
[...]
</properties>
  <testcase name="contextLoads" classname="com.example.springkafka.SpringKafkaApplicationTests" time="0.535">
    <system-out><![CDATA[15:41:03.645 [main] INFO org.springframework.test.context.support.AnnotationConfigContextLoaderUtils -- Could not detect default configuration classes for test class [com.example.springkafka.SpringKafkaApplicationTests]: SpringKafkaApplicationTests does not declare any static, non-private, non-final, nested classes annotated with @Configuration.
15:41:03.721 [main] INFO org.springframework.boot.test.context.SpringBootTestContextBootstrapper -- Found @SpringBootConfiguration com.example.springkafka.SpringKafkaApplication for test class com.example.springkafka.SpringKafkaApplicationTests

  .   ____          _            __ _ _
 /\\ / ___'_ __ _ _(_)_ __  __ _ \ \ \ \
( ( )\___ | '_ | '_| | '_ \/ _` | \ \ \ \
 \\/  ___)| |_)| | | | | || (_| |  ) ) ) )
  '  |____| .__|_| |_|_| |_\__, | / / / /
 =========|_|==============|___/=/_/_/_/
 :: Spring Boot ::                (v3.2.0)

2023-12-05T15:41:03.994+01:00  INFO 14898 --- [           main] c.e.s.SpringKafkaApplicationTests        : Starting SpringKafkaApplicationTests using Java 17.0.9 with PID 14898 (started by thomr in /media/thomr/Volume/code lavoro/kafka/spring-kafka)
2023-12-05T15:41:03.995+01:00  INFO 14898 --- [           main] c.e.s.SpringKafkaApplicationTests        : No active profile set, falling back to 1 default profile: "default"
2023-12-05T15:41:04.982+01:00  INFO 14898 --- [           main] o.a.k.clients.admin.AdminClientConfig    : AdminClientConfig values: 
	auto.include.jmx.reporter = true
	bootstrap.servers = [localhost:9092]
	client.dns.lookup = use_all_dns_ips
	client.id = 
	connections.max.idle.ms = 300000
	default.api.timeout.ms = 60000
	metadata.max.age.ms = 300000
	metric.reporters = []
	metrics.num.samples = 2
	metrics.recording.level = INFO
	metrics.sample.window.ms = 30000
	receive.buffer.bytes = 65536
	reconnect.backoff.max.ms = 1000
	reconnect.backoff.ms = 50
	request.timeout.ms = 30000
	retries = 2147483647
	retry.backoff.ms = 100
	sasl.client.callback.handler.class = null
	sasl.jaas.config = null
	sasl.kerberos.kinit.cmd = /usr/bin/kinit
	sasl.kerberos.min.time.before.relogin = 60000
	sasl.kerberos.service.name = null
	sasl.kerberos.ticket.renew.jitter = 0.05
	sasl.kerberos.ticket.renew.window.factor = 0.8
	sasl.login.callback.handler.class = null
	sasl.login.class = null
	sasl.login.connect.timeout.ms = null
	sasl.login.read.timeout.ms = null
	sasl.login.refresh.buffer.seconds = 300
	sasl.login.refresh.min.period.seconds = 60
	sasl.login.refresh.window.factor = 0.8
	sasl.login.refresh.window.jitter = 0.05
	sasl.login.retry.backoff.max.ms = 10000
	sasl.login.retry.backoff.ms = 100
	sasl.mechanism = GSSAPI
	sasl.oauthbearer.clock.skew.seconds = 30
	sasl.oauthbearer.expected.audience = null
	sasl.oauthbearer.expected.issuer = null
	sasl.oauthbearer.jwks.endpoint.refresh.ms = 3600000
	sasl.oauthbearer.jwks.endpoint.retry.backoff.max.ms = 10000
	sasl.oauthbearer.jwks.endpoint.retry.backoff.ms = 100
	sasl.oauthbearer.jwks.endpoint.url = null
	sasl.oauthbearer.scope.claim.name = scope
	sasl.oauthbearer.sub.claim.name = sub
	sasl.oauthbearer.token.endpoint.url = null
	security.protocol = PLAINTEXT
	security.providers = null
	send.buffer.bytes = 131072
	socket.connection.setup.timeout.max.ms = 30000
	socket.connection.setup.timeout.ms = 10000
	ssl.cipher.suites = null
	ssl.enabled.protocols = [TLSv1.2, TLSv1.3]
	ssl.endpoint.identification.algorithm = https
	ssl.engine.factory.class = null
	ssl.key.password = null
	ssl.keymanager.algorithm = SunX509
	ssl.keystore.certificate.chain = null
	ssl.keystore.key = null
	ssl.keystore.location = null
	ssl.keystore.password = null
	ssl.keystore.type = JKS
	ssl.protocol = TLSv1.3
	ssl.provider = null
	ssl.secure.random.implementation = null
	ssl.trustmanager.algorithm = PKIX
	ssl.truststore.certificates = null
	ssl.truststore.location = null
	ssl.truststore.password = null
	ssl.truststore.type = JKS

2023-12-05T15:41:05.080+01:00  INFO 14898 --- [           main] o.a.kafka.common.utils.AppInfoParser     : Kafka version: 3.6.0
2023-12-05T15:41:05.081+01:00  INFO 14898 --- [           main] o.a.kafka.common.utils.AppInfoParser     : Kafka commitId: 60e845626d8a465a
2023-12-05T15:41:05.081+01:00  INFO 14898 --- [           main] o.a.kafka.common.utils.AppInfoParser     : Kafka startTimeMs: 1701787265079
2023-12-05T15:41:05.276+01:00  INFO 14898 --- [| adminclient-1] o.a.kafka.common.utils.AppInfoParser     : App info kafka.admin.client for adminclient-1 unregistered
2023-12-05T15:41:05.279+01:00  INFO 14898 --- [| adminclient-1] o.apache.kafka.common.metrics.Metrics    : Metrics scheduler closed
2023-12-05T15:41:05.280+01:00  INFO 14898 --- [| adminclient-1] o.apache.kafka.common.metrics.Metrics    : Closing reporter org.apache.kafka.common.metrics.JmxReporter
2023-12-05T15:41:05.280+01:00  INFO 14898 --- [| adminclient-1] o.apache.kafka.common.metrics.Metrics    : Metrics reporters closed
2023-12-05T15:41:05.300+01:00  INFO 14898 --- [           main] o.a.k.clients.consumer.ConsumerConfig    : ConsumerConfig values: 
	allow.auto.create.topics = true
	auto.commit.interval.ms = 5000
	auto.include.jmx.reporter = true
	auto.offset.reset = earliest
	bootstrap.servers = [localhost:9092]
	check.crcs = true
	client.dns.lookup = use_all_dns_ips
	client.id = consumer-groupSus-1
	client.rack = 
	connections.max.idle.ms = 540000
	default.api.timeout.ms = 60000
	enable.auto.commit = false
	exclude.internal.topics = true
	fetch.max.bytes = 52428800
	fetch.max.wait.ms = 500
	fetch.min.bytes = 1
	group.id = groupSus
	group.instance.id = null
	heartbeat.interval.ms = 3000
	interceptor.classes = []
	internal.leave.group.on.close = true
	internal.throw.on.fetch.stable.offset.unsupported = false
	isolation.level = read_uncommitted
	key.deserializer = class org.apache.kafka.common.serialization.StringDeserializer
	max.partition.fetch.bytes = 1048576
	max.poll.interval.ms = 300000
	max.poll.records = 500
	metadata.max.age.ms = 300000
	metric.reporters = []
	metrics.num.samples = 2
	metrics.recording.level = INFO
	metrics.sample.window.ms = 30000
	partition.assignment.strategy = [class org.apache.kafka.clients.consumer.RangeAssignor, class org.apache.kafka.clients.consumer.CooperativeStickyAssignor]
	receive.buffer.bytes = 65536
	reconnect.backoff.max.ms = 1000
	reconnect.backoff.ms = 50
	request.timeout.ms = 30000
	retry.backoff.ms = 100
	sasl.client.callback.handler.class = null
	sasl.jaas.config = null
	sasl.kerberos.kinit.cmd = /usr/bin/kinit
	sasl.kerberos.min.time.before.relogin = 60000
	sasl.kerberos.service.name = null
	sasl.kerberos.ticket.renew.jitter = 0.05
	sasl.kerberos.ticket.renew.window.factor = 0.8
	sasl.login.callback.handler.class = null
	sasl.login.class = null
	sasl.login.connect.timeout.ms = null
	sasl.login.read.timeout.ms = null
	sasl.login.refresh.buffer.seconds = 300
	sasl.login.refresh.min.period.seconds = 60
	sasl.login.refresh.window.factor = 0.8
	sasl.login.refresh.window.jitter = 0.05
	sasl.login.retry.backoff.max.ms = 10000
	sasl.login.retry.backoff.ms = 100
	sasl.mechanism = GSSAPI
	sasl.oauthbearer.clock.skew.seconds = 30
	sasl.oauthbearer.expected.audience = null
	sasl.oauthbearer.expected.issuer = null
	sasl.oauthbearer.jwks.endpoint.refresh.ms = 3600000
	sasl.oauthbearer.jwks.endpoint.retry.backoff.max.ms = 10000
	sasl.oauthbearer.jwks.endpoint.retry.backoff.ms = 100
	sasl.oauthbearer.jwks.endpoint.url = null
	sasl.oauthbearer.scope.claim.name = scope
	sasl.oauthbearer.sub.claim.name = sub
	sasl.oauthbearer.token.endpoint.url = null
	security.protocol = PLAINTEXT
	security.providers = null
	send.buffer.bytes = 131072
	session.timeout.ms = 45000
	socket.connection.setup.timeout.max.ms = 30000
	socket.connection.setup.timeout.ms = 10000
	ssl.cipher.suites = null
	ssl.enabled.protocols = [TLSv1.2, TLSv1.3]
	ssl.endpoint.identification.algorithm = https
	ssl.engine.factory.class = null
	ssl.key.password = null
	ssl.keymanager.algorithm = SunX509
	ssl.keystore.certificate.chain = null
	ssl.keystore.key = null
	ssl.keystore.location = null
	ssl.keystore.password = null
	ssl.keystore.type = JKS
	ssl.protocol = TLSv1.3
	ssl.provider = null
	ssl.secure.random.implementation = null
	ssl.trustmanager.algorithm = PKIX
	ssl.truststore.certificates = null
	ssl.truststore.location = null
	ssl.truststore.password = null
	ssl.truststore.type = JKS
	value.deserializer = class org.springframework.kafka.support.serializer.JsonDeserializer

2023-12-05T15:41:05.373+01:00  INFO 14898 --- [           main] o.a.k.clients.consumer.ConsumerConfig    : These configurations '[replication.factor]' were supplied but are not used yet.
2023-12-05T15:41:05.373+01:00  INFO 14898 --- [           main] o.a.kafka.common.utils.AppInfoParser     : Kafka version: 3.6.0
2023-12-05T15:41:05.373+01:00  INFO 14898 --- [           main] o.a.kafka.common.utils.AppInfoParser     : Kafka commitId: 60e845626d8a465a
2023-12-05T15:41:05.373+01:00  INFO 14898 --- [           main] o.a.kafka.common.utils.AppInfoParser     : Kafka startTimeMs: 1701787265373
2023-12-05T15:41:05.374+01:00  INFO 14898 --- [           main] fkaConsumerFactory$ExtendedKafkaConsumer : [Consumer clientId=consumer-groupSus-1, groupId=groupSus] Subscribed to topic(s): json_sus
2023-12-05T15:41:05.379+01:00  INFO 14898 --- [           main] o.a.k.clients.consumer.ConsumerConfig    : ConsumerConfig values: 
	allow.auto.create.topics = true
	auto.commit.interval.ms = 5000
	auto.include.jmx.reporter = true
	auto.offset.reset = earliest
	bootstrap.servers = [localhost:9092]
	check.crcs = true
	client.dns.lookup = use_all_dns_ips
	client.id = consumer-groupSus-2
	client.rack = 
	connections.max.idle.ms = 540000
	default.api.timeout.ms = 60000
	enable.auto.commit = false
	exclude.internal.topics = true
	fetch.max.bytes = 52428800
	fetch.max.wait.ms = 500
	fetch.min.bytes = 1
	group.id = groupSus
	group.instance.id = null
	heartbeat.interval.ms = 3000
	interceptor.classes = []
	internal.leave.group.on.close = true
	internal.throw.on.fetch.stable.offset.unsupported = false
	isolation.level = read_uncommitted
	key.deserializer = class org.apache.kafka.common.serialization.StringDeserializer
	max.partition.fetch.bytes = 1048576
	max.poll.interval.ms = 300000
	max.poll.records = 500
	metadata.max.age.ms = 300000
	metric.reporters = []
	metrics.num.samples = 2
	metrics.recording.level = INFO
	metrics.sample.window.ms = 30000
	partition.assignment.strategy = [class org.apache.kafka.clients.consumer.RangeAssignor, class org.apache.kafka.clients.consumer.CooperativeStickyAssignor]
	receive.buffer.bytes = 65536
	reconnect.backoff.max.ms = 1000
	reconnect.backoff.ms = 50
	request.timeout.ms = 30000
	retry.backoff.ms = 100
	sasl.client.callback.handler.class = null
	sasl.jaas.config = null
	sasl.kerberos.kinit.cmd = /usr/bin/kinit
	sasl.kerberos.min.time.before.relogin = 60000
	sasl.kerberos.service.name = null
	sasl.kerberos.ticket.renew.jitter = 0.05
	sasl.kerberos.ticket.renew.window.factor = 0.8
	sasl.login.callback.handler.class = null
	sasl.login.class = null
	sasl.login.connect.timeout.ms = null
	sasl.login.read.timeout.ms = null
	sasl.login.refresh.buffer.seconds = 300
	sasl.login.refresh.min.period.seconds = 60
	sasl.login.refresh.window.factor = 0.8
	sasl.login.refresh.window.jitter = 0.05
	sasl.login.retry.backoff.max.ms = 10000
	sasl.login.retry.backoff.ms = 100
	sasl.mechanism = GSSAPI
	sasl.oauthbearer.clock.skew.seconds = 30
	sasl.oauthbearer.expected.audience = null
	sasl.oauthbearer.expected.issuer = null
	sasl.oauthbearer.jwks.endpoint.refresh.ms = 3600000
	sasl.oauthbearer.jwks.endpoint.retry.backoff.max.ms = 10000
	sasl.oauthbearer.jwks.endpoint.retry.backoff.ms = 100
	sasl.oauthbearer.jwks.endpoint.url = null
	sasl.oauthbearer.scope.claim.name = scope
	sasl.oauthbearer.sub.claim.name = sub
	sasl.oauthbearer.token.endpoint.url = null
	security.protocol = PLAINTEXT
	security.providers = null
	send.buffer.bytes = 131072
	session.timeout.ms = 45000
	socket.connection.setup.timeout.max.ms = 30000
	socket.connection.setup.timeout.ms = 10000
	ssl.cipher.suites = null
	ssl.enabled.protocols = [TLSv1.2, TLSv1.3]
	ssl.endpoint.identification.algorithm = https
	ssl.engine.factory.class = null
	ssl.key.password = null
	ssl.keymanager.algorithm = SunX509
	ssl.keystore.certificate.chain = null
	ssl.keystore.key = null
	ssl.keystore.location = null
	ssl.keystore.password = null
	ssl.keystore.type = JKS
	ssl.protocol = TLSv1.3
	ssl.provider = null
	ssl.secure.random.implementation = null
	ssl.trustmanager.algorithm = PKIX
	ssl.truststore.certificates = null
	ssl.truststore.location = null
	ssl.truststore.password = null
	ssl.truststore.type = JKS
	value.deserializer = class org.springframework.kafka.support.serializer.JsonDeserializer

2023-12-05T15:41:05.386+01:00  INFO 14898 --- [           main] o.a.k.clients.consumer.ConsumerConfig    : These configurations '[replication.factor]' were supplied but are not used yet.
2023-12-05T15:41:05.386+01:00  INFO 14898 --- [           main] o.a.kafka.common.utils.AppInfoParser     : Kafka version: 3.6.0
2023-12-05T15:41:05.386+01:00  INFO 14898 --- [           main] o.a.kafka.common.utils.AppInfoParser     : Kafka commitId: 60e845626d8a465a
2023-12-05T15:41:05.386+01:00  INFO 14898 --- [           main] o.a.kafka.common.utils.AppInfoParser     : Kafka startTimeMs: 1701787265386
2023-12-05T15:41:05.387+01:00  INFO 14898 --- [           main] fkaConsumerFactory$ExtendedKafkaConsumer : [Consumer clientId=consumer-groupSus-2, groupId=groupSus] Subscribed to topic(s): sus
2023-12-05T15:41:05.388+01:00  INFO 14898 --- [ntainer#0-0-C-1] org.apache.kafka.clients.Metadata        : [Consumer clientId=consumer-groupSus-1, groupId=groupSus] Cluster ID: 0nrc7keJSd64aS1IlowpiA
2023-12-05T15:41:05.389+01:00  INFO 14898 --- [ntainer#0-0-C-1] o.a.k.c.c.internals.ConsumerCoordinator  : [Consumer clientId=consumer-groupSus-1, groupId=groupSus] Discovered group coordinator localhost:9092 (id: 2147483647 rack: null)
2023-12-05T15:41:05.390+01:00  INFO 14898 --- [ntainer#1-0-C-1] org.apache.kafka.clients.Metadata        : [Consumer clientId=consumer-groupSus-2, groupId=groupSus] Cluster ID: 0nrc7keJSd64aS1IlowpiA
2023-12-05T15:41:05.390+01:00  INFO 14898 --- [ntainer#1-0-C-1] o.a.k.c.c.internals.ConsumerCoordinator  : [Consumer clientId=consumer-groupSus-2, groupId=groupSus] Discovered group coordinator localhost:9092 (id: 2147483647 rack: null)
2023-12-05T15:41:05.390+01:00  INFO 14898 --- [ntainer#0-0-C-1] o.a.k.c.c.internals.ConsumerCoordinator  : [Consumer clientId=consumer-groupSus-1, groupId=groupSus] (Re-)joining group
2023-12-05T15:41:05.391+01:00  INFO 14898 --- [ntainer#1-0-C-1] o.a.k.c.c.internals.ConsumerCoordinator  : [Consumer clientId=consumer-groupSus-2, groupId=groupSus] (Re-)joining group
2023-12-05T15:41:05.392+01:00  INFO 14898 --- [           main] c.e.s.SpringKafkaApplicationTests        : Started SpringKafkaApplicationTests in 1.562 seconds (process running for 2.214)
2023-12-05T15:41:05.399+01:00  INFO 14898 --- [ntainer#0-0-C-1] o.a.k.c.c.internals.ConsumerCoordinator  : [Consumer clientId=consumer-groupSus-1, groupId=groupSus] Request joining group due to: need to re-join with the given member-id: consumer-groupSus-1-cf23410b-cc8f-4799-b5ce-4227dbdb32dc
2023-12-05T15:41:05.399+01:00  INFO 14898 --- [ntainer#1-0-C-1] o.a.k.c.c.internals.ConsumerCoordinator  : [Consumer clientId=consumer-groupSus-2, groupId=groupSus] Request joining group due to: need to re-join with the given member-id: consumer-groupSus-2-9952a7c8-638a-486f-bb64-9e91ba1abd30
2023-12-05T15:41:05.400+01:00  INFO 14898 --- [ntainer#0-0-C-1] o.a.k.c.c.internals.ConsumerCoordinator  : [Consumer clientId=consumer-groupSus-1, groupId=groupSus] Request joining group due to: rebalance failed due to 'The group member needs to have a valid member id before actually entering a consumer group.' (MemberIdRequiredException)
2023-12-05T15:41:05.400+01:00  INFO 14898 --- [ntainer#1-0-C-1] o.a.k.c.c.internals.ConsumerCoordinator  : [Consumer clientId=consumer-groupSus-2, groupId=groupSus] Request joining group due to: rebalance failed due to 'The group member needs to have a valid member id before actually entering a consumer group.' (MemberIdRequiredException)
2023-12-05T15:41:05.400+01:00  INFO 14898 --- [ntainer#0-0-C-1] o.a.k.c.c.internals.ConsumerCoordinator  : [Consumer clientId=consumer-groupSus-1, groupId=groupSus] (Re-)joining group
2023-12-05T15:41:05.400+01:00  INFO 14898 --- [ntainer#1-0-C-1] o.a.k.c.c.internals.ConsumerCoordinator  : [Consumer clientId=consumer-groupSus-2, groupId=groupSus] (Re-)joining group
2023-12-05T15:41:05.472+01:00  INFO 14898 --- [ntainer#1-0-C-1] o.a.k.c.c.internals.ConsumerCoordinator  : [Consumer clientId=consumer-groupSus-2, groupId=groupSus] Successfully joined group with generation Generation{generationId=18, memberId='consumer-groupSus-2-9952a7c8-638a-486f-bb64-9e91ba1abd30', protocol='range'}
2023-12-05T15:41:05.472+01:00  INFO 14898 --- [ntainer#0-0-C-1] o.a.k.c.c.internals.ConsumerCoordinator  : [Consumer clientId=consumer-groupSus-1, groupId=groupSus] Successfully joined group with generation Generation{generationId=18, memberId='consumer-groupSus-1-cf23410b-cc8f-4799-b5ce-4227dbdb32dc', protocol='range'}
2023-12-05T15:41:05.564+01:00  INFO 14898 --- [ntainer#0-0-C-1] o.a.k.c.c.internals.ConsumerCoordinator  : [Consumer clientId=consumer-groupSus-1, groupId=groupSus] Successfully synced group in generation Generation{generationId=18, memberId='consumer-groupSus-1-cf23410b-cc8f-4799-b5ce-4227dbdb32dc', protocol='range'}
2023-12-05T15:41:05.564+01:00  INFO 14898 --- [ntainer#1-0-C-1] o.a.k.c.c.internals.ConsumerCoordinator  : [Consumer clientId=consumer-groupSus-2, groupId=groupSus] Successfully synced group in generation Generation{generationId=18, memberId='consumer-groupSus-2-9952a7c8-638a-486f-bb64-9e91ba1abd30', protocol='range'}
2023-12-05T15:41:05.568+01:00  INFO 14898 --- [ntainer#0-0-C-1] o.a.k.c.c.internals.ConsumerCoordinator  : [Consumer clientId=consumer-groupSus-1, groupId=groupSus] Notifying assignor about the new Assignment(partitions=[])
2023-12-05T15:41:05.568+01:00  INFO 14898 --- [ntainer#1-0-C-1] o.a.k.c.c.internals.ConsumerCoordinator  : [Consumer clientId=consumer-groupSus-2, groupId=groupSus] Notifying assignor about the new Assignment(partitions=[sus-0])
2023-12-05T15:41:05.568+01:00  INFO 14898 --- [ntainer#0-0-C-1] o.a.k.c.c.internals.ConsumerCoordinator  : [Consumer clientId=consumer-groupSus-1, groupId=groupSus] Adding newly assigned partitions: 
2023-12-05T15:41:05.569+01:00  INFO 14898 --- [ntainer#0-0-C-1] o.s.k.l.KafkaMessageListenerContainer    : groupSus: partitions assigned: []
2023-12-05T15:41:05.569+01:00  INFO 14898 --- [ntainer#1-0-C-1] o.a.k.c.c.internals.ConsumerCoordinator  : [Consumer clientId=consumer-groupSus-2, groupId=groupSus] Adding newly assigned partitions: sus-0
2023-12-05T15:41:05.573+01:00  INFO 14898 --- [ntainer#1-0-C-1] o.a.k.c.c.internals.ConsumerCoordinator  : [Consumer clientId=consumer-groupSus-2, groupId=groupSus] Found no committed offset for partition sus-0
2023-12-05T15:41:05.597+01:00  INFO 14898 --- [ntainer#1-0-C-1] o.a.k.c.c.internals.SubscriptionState    : [Consumer clientId=consumer-groupSus-2, groupId=groupSus] Resetting offset for partition sus-0 to position FetchPosition{offset=0, offsetEpoch=Optional.empty, currentLeader=LeaderAndEpoch{leader=Optional[localhost:9092 (id: 0 rack: null)], epoch=0}}.
2023-12-05T15:41:05.597+01:00  INFO 14898 --- [ntainer#1-0-C-1] o.s.k.l.KafkaMessageListenerContainer    : groupSus: partitions assigned: [sus-0]
]]></system-out>
  </testcase>
</testsuite>